{
  "stats": {
    "suites": 1,
    "tests": 1,
    "passes": 1,
    "pending": 0,
    "failures": 0,
    "start": "2024-09-03T22:49:05.973Z",
    "end": "2024-09-03T22:49:17.965Z",
    "duration": 11992,
    "testsRegistered": 1,
    "passPercent": 100,
    "pendingPercent": 0,
    "other": 0,
    "hasOther": false,
    "skipped": 0,
    "hasSkipped": false
  },
  "results": [
    {
      "uuid": "c79ea540-1bf6-4c28-ab84-cd03b5945bb0",
      "title": "",
      "fullFile": "C:\\Users\\adria\\OneDrive\\Desktop\\belajarSelenium\\test\\sauceLabDemo\\EndtoEndTest.js",
      "file": "\\test\\sauceLabDemo\\EndtoEndTest.js",
      "beforeHooks": [],
      "afterHooks": [],
      "tests": [],
      "suites": [
        {
          "uuid": "9882c245-1b49-4b6f-ad82-a3d9a469c9fb",
          "title": "End to End Test",
          "fullFile": "C:\\Users\\adria\\OneDrive\\Desktop\\belajarSelenium\\test\\sauceLabDemo\\EndtoEndTest.js",
          "file": "\\test\\sauceLabDemo\\EndtoEndTest.js",
          "beforeHooks": [],
          "afterHooks": [],
          "tests": [
            {
              "title": "Add item to chart and checkout ",
              "fullTitle": "End to End Test Add item to chart and checkout ",
              "timedOut": false,
              "duration": 11985,
              "state": "passed",
              "speed": "slow",
              "pass": true,
              "fail": false,
              "pending": false,
              "context": null,
              "code": "this.timeout(10000);\nlet driver;\ndriver = await new Builder().forBrowser('chrome').build();\n// Maksimalkan ukuran window browser\nawait driver.manage().window().maximize();\n// Buka halaman login\nawait driver.get('https://www.saucedemo.com/');\n// Inisialisasi page object\nconst loginPage = new LoginPage(driver);\n// Melakukan login dengan menggunakan data uji\nawait loginPage.login('standard_user', 'secret_sauce');\nconst page = new InventoryPage(driver);\nawait page.filterItem();\nawait page.chooseSelectedItems([\n  'Sauce Labs Backpack',\n  'Sauce Labs Onesie',\n  'Test.allTheThings() T-Shirt (Red)',\n]);\nawait page.clickChart();\nconst cartPage = new CartPage(driver);\nlet totalPriceItem = await cartPage.getTotalPrice();\n// console.log(totalPriceItem);\ncartPage.clickCheckout();\nconst checkoutStepOnePage = new CheckoutStepOne(driver);\ncheckoutStepOnePage.fillForm('Adrian', 'Rafly', '12345');\nawait driver.sleep(3000);\ncheckoutStepOnePage.clickContinueButton();\nawait driver.sleep(3000);\nconst checkoutStepTwoPage = new CheckoutStepTwo(driver);\nlet totalPricesBeforeTax = await checkoutStepTwoPage.priceTotalBeforeTax();\n// console.log(totalPricesBeforeTax);\nexpect(totalPriceItem).equal(totalPricesBeforeTax);\nlet totalPriceAfterTax = await checkoutStepTwoPage.priceTotalAfterTax();\nexpect(totalPricesBeforeTax).lessThan(totalPriceAfterTax);\nawait checkoutStepTwoPage.clickFinishButton();\nconst checkoutComplete = new CheckoutComplete(driver);\nawait checkoutComplete.orderComplete();\ncheckoutComplete.clickBackHomeButton();\nawait driver.sleep(3000);\n// Tutup browser\nawait driver.quit();",
              "err": {},
              "uuid": "ed29b557-d56b-49fd-b32b-383a88150095",
              "parentUUID": "9882c245-1b49-4b6f-ad82-a3d9a469c9fb",
              "isHook": false,
              "skipped": false
            }
          ],
          "suites": [],
          "passes": [
            "ed29b557-d56b-49fd-b32b-383a88150095"
          ],
          "failures": [],
          "pending": [],
          "skipped": [],
          "duration": 11985,
          "root": false,
          "rootEmpty": false,
          "_timeout": 10000
        }
      ],
      "passes": [],
      "failures": [],
      "pending": [],
      "skipped": [],
      "duration": 0,
      "root": true,
      "rootEmpty": true,
      "_timeout": 0
    }
  ],
  "meta": {
    "mocha": {
      "version": "10.4.0"
    },
    "mochawesome": {
      "options": {
        "quiet": false,
        "reportFilename": "mochawesome",
        "saveHtml": true,
        "saveJson": true,
        "consoleReporter": "spec",
        "useInlineDiffs": false,
        "code": true
      },
      "version": "7.1.3"
    },
    "marge": {
      "options": null,
      "version": "6.2.0"
    }
  }
}